CONFIG 2025-02-26 12:18:34,207 [main][Log4J2Logger.java:215] : Logging policy: Log4J2
CONFIG 2025-02-26 12:18:34,392 [main][Log4J2Logger.java:189] : Factory implementations for category GridCoverageFactory:
  org.geotools.coverage.grid.GridCoverageFactory
CONFIG 2025-02-26 12:18:34,635 [main][Log4J2Logger.java:189] : Factory implementations for category FilterFactory:
  org.geotools.filter.FilterFactoryImpl
CONFIG 2025-02-26 12:18:34,656 [main][Log4J2Logger.java:189] : Factory implementations for category StyleFactory:
  org.geotools.styling.StyleFactoryImpl
CONFIG 2025-02-26 12:18:34,663 [main][Log4J2Logger.java:189] : Factory implementations for category FeatureFactory:
  org.geotools.feature.LenientFeatureFactoryImpl
  org.geotools.feature.ValidatingFeatureFactoryImpl
DEBUG 2025-02-26 12:18:35,031 [main][Log4J2Logger.java:220] : Extension lookup 'XStreamPersisterInitializer', prior to bean geoserverExtensions initialisation.
DEBUG 2025-02-26 12:18:35,033 [main][Log4J2Logger.java:220] : Extension lookup 'ExtensionFilter', prior to bean geoserverExtensions initialisation.
DEBUG 2025-02-26 12:18:35,035 [main][Log4J2Logger.java:220] : Extension lookup 'ExtensionProvider', but provided ApplicationContext is unset.
DEBUG 2025-02-26 12:18:35,036 [main][Log4J2Logger.java:220] : Extension lookup 'ExtensionFilter', but provided ApplicationContext is unset.
DEBUG 2025-02-26 12:18:35,062 [main][Log4J2Logger.java:220] : CONFIGURING GEOSERVER LOGGING -------------------------
26 Feb 12:18:35 CONFIG [geoserver.logging] - Log4j 2 configuration set to DEFAULT_LOGGING.xml
26 Feb 12:18:38 CONFIG [org.geoserver] - GeoServer configuration lock is enabled
26 Feb 12:18:38 CONFIG [org.geoserver] - Loading catalog /opt/geoserver/data_dir
26 Feb 12:18:38 WARN   [org.geoserver] - No 'workspaces' directory found, unable to load any stores.
26 Feb 12:18:38 CONFIG [org.geoserver] - Read catalog in 11.89 ms
26 Feb 12:18:38 CONFIG [org.geoserver] - Loaded service 'WMTSInfoImpl--46baeabb:1954231da3f:-7ffb', enabled
26 Feb 12:18:38 CONFIG [org.geoserver] - Loaded service 'WFSInfoImpl--46baeabb:1954231da3f:-7ffa', enabled
26 Feb 12:18:38 CONFIG [org.geoserver] - Loaded service 'WMSInfoImpl--46baeabb:1954231da3f:-7ff9', enabled
26 Feb 12:18:38 CONFIG [org.geoserver] - Loaded service 'WCSInfoImpl--46baeabb:1954231da3f:-7ff8', enabled
26 Feb 12:18:38 CONFIG [org.geoserver] - Loaded service 'WPSInfoImpl--46baeabb:1954231da3f:-7ff7', enabled
26 Feb 12:18:38 CONFIG [org.geoserver] - Loaded service 'csw', enabled
26 Feb 12:18:38 CONFIG [gwc.config] - Will look for 'geowebcache.xml' in directory '/opt/geoserver/data_dir/gwc'.
26 Feb 12:18:39 CONFIG [gwc.config] - Create configuration file '/opt/geoserver/data_dir/gwc/geowebcache.xml' from template jar:file:/usr/local/tomcat/webapps/geoserver/WEB-INF/lib/gwc-core-1.26.1.jar!/geowebcache_empty.xml
26 Feb 12:18:39 WARN   [config.XMLConfiguration] - GWC configuration validation error: cvc-elt.1.a: Cannot find the declaration of element 'gwcConfiguration'.
26 Feb 12:18:39 WARN   [config.XMLConfiguration] - Will try to use configuration anyway. Please check the order of declared elements against the schema.
26 Feb 12:18:39 CONFIG [config.XMLConfiguration] - Initializing GridSets from /opt/geoserver/data_dir/gwc
26 Feb 12:18:39 CONFIG [config.XMLConfiguration] - Initializing layers from /opt/geoserver/data_dir/gwc
26 Feb 12:18:39 CONFIG [gwc.layer] - Initializing GWC configuration based on GeoServer's Catalog
26 Feb 12:18:39 CONFIG [gwc.layer] - GeoServer TileLayer store base directory is: gwc-layers
26 Feb 12:18:39 CONFIG [gwc.layer] - Loading tile layers from gwc-layers
26 Feb 12:18:39 CONFIG [gwc.layer] - Loaded 0 tile layers in 4.340 ms
26 Feb 12:18:39 CONFIG [storage.BlobStoreAggregator] - BlobStoreConfiguration /opt/geoserver/data_dir/gwc contained no blob store infos.
26 Feb 12:18:39 CONFIG [storage.DefaultStorageFinder] - Found system environment variableGEOWEBCACHE_CACHE_DIR set to /opt/geoserver/data_dir/gwc, using it as the default prefix.
26 Feb 12:18:39 CONFIG [gwc.config] - Initializing GeoServer specific GWC configuration from gwc-gs.xml
26 Feb 12:18:40 CONFIG [geowebcache.GeoWebCacheDispatcher] - Invoked setServletPrefix(gwc)
26 Feb 12:18:40 CONFIG [wms.WMSService] - Will NOT recombine tiles for non-tiling clients.
26 Feb 12:18:40 CONFIG [wms.WMSService] - Will proxy requests to backend that are not getmap or getcapabilities.
26 Feb 12:18:40 CONFIG [gwc.config] - Will look for 'geowebcache-diskquota.xml' in directory '/opt/geoserver/data_dir/gwc'.
26 Feb 12:18:40 CONFIG [gwc.config] - Will look for 'geowebcache-diskquota-jdbc.xml' in directory '/opt/geoserver/data_dir/gwc'.
26 Feb 12:18:40 CONFIG [diskquota.ConfigLoader] - Quota config is: /opt/geoserver/data_dir/gwc/geowebcache-diskquota.xml
26 Feb 12:18:40 CONFIG [diskquota.ConfigLoader] - Quota config is: /opt/geoserver/data_dir/gwc/geowebcache-diskquota.xml
26 Feb 12:18:41 INFO   [flow.config] - Loaded control-flow rule: ows.global=100
26 Feb 12:18:41 INFO   [flow.config] - Loaded control-flow rule: ows.wms.getmap=10
26 Feb 12:18:41 INFO   [flow.config] - Loaded control-flow rule: ows.wfs.getfeature.application/msexcel=4
26 Feb 12:18:41 INFO   [flow.config] - Loaded control-flow rule: user=6
26 Feb 12:18:41 INFO   [flow.config] - Loaded control-flow rule: ows.gwc=16
26 Feb 12:18:41 INFO   [flow.config] - Loaded control-flow rule: user.ows.wps.execute=1000/d;30s
26 Feb 12:18:41 INFO   [flow.config] - Loaded control-flow rule: user.ows.wms.getmap=30/s
26 Feb 12:18:41 INFO   [flow.config] - Loaded control-flow rule: ip=10
26 Feb 12:18:41 CONFIG [geoserver.flow] - Control-flow active with 8 flow controllers
26 Feb 12:18:43 WARN   [turbojpeg.TurboJPEGMapResponse] - The turbo jpeg encoder is available for usage
26 Feb 12:18:43 CONFIG [geoserver.security] - AuthenticationCache Initialized with 1000 Max Entries, 300 seconds idle time, 600 seconds time to live and 3 concurrency level
26 Feb 12:18:43 CONFIG [geoserver.security] - AuthenticationCache Eviction Task created to run every 600 seconds
26 Feb 12:18:47 CONFIG [geoserver.wps] - Found 5 bindable processes in GeoServer specific processes
26 Feb 12:18:47 CONFIG [geoserver.wps] - Found 89 bindable processes in Deprecated processes
26 Feb 12:18:47 CONFIG [geoserver.wps] - Blacklisting process vec:GroupCandidateSelection as the input groupingAttributes of type class java.lang.Object cannot be handled
26 Feb 12:18:47 CONFIG [geoserver.wps] - Found 31 bindable processes in Vector processes
26 Feb 12:18:47 CONFIG [geoserver.wps] - Blacklisting process ras:ConvolveCoverage as the input kernel of type class javax.media.jai.KernelJAI cannot be handled
26 Feb 12:18:47 CONFIG [geoserver.wps] - Blacklisting process ras:RasterZonalStatistics2 as the input zones of type class java.lang.Object cannot be handled
26 Feb 12:18:47 CONFIG [geoserver.wps] - Blacklisting process ras:RasterZonalStatistics2 as the input nodata of type class it.geosolutions.jaiext.range.Range cannot be handled
26 Feb 12:18:47 CONFIG [geoserver.wps] - Blacklisting process ras:RasterZonalStatistics2 as the input rangeData of type class java.lang.Object cannot be handled
26 Feb 12:18:47 CONFIG [geoserver.wps] - Blacklisting process ras:RasterZonalStatistics2 as the output zonal statistics of type interface java.util.List cannot be handled
26 Feb 12:18:47 CONFIG [geoserver.wps] - Found 18 bindable processes in Raster processes
26 Feb 12:18:47 CONFIG [geoserver.wps] - Found 48 bindable processes in Geometry processes
26 Feb 12:18:47 CONFIG [geoserver.wps] - Found 1 bindable processes in PolygonLabelProcess
26 Feb 12:18:47 CONFIG [geoserver.wps] - Found 1 bindable processes in geo
26 Feb 12:18:47 CONFIG [geoserver.wps] - Found 1 bindable processes in geo
26 Feb 12:18:48 INFO   [geoserver.monitor] - Monitor extension enabled
26 Feb 12:18:48 CONFIG [diskquota.ConfigLoader] - Quota config is: /opt/geoserver/data_dir/gwc/geowebcache-diskquota.xml
26 Feb 12:18:48 CONFIG [diskquota.DiskQuotaMonitor] - Setting up disk quota periodic enforcement task
26 Feb 12:18:48 CONFIG [diskquota.DiskQuotaMonitor] - 0 layers configured with their own quotas. 
26 Feb 12:18:48 CONFIG [diskquota.DiskQuotaMonitor] - 0 layers attached to global quota 20.0 GB
26 Feb 12:18:48 CONFIG [diskquota.DiskQuotaMonitor] - Disk quota periodic enforcement task set up every 5 SECONDS
26 Feb 12:18:52 CONFIG [geoserver.security] - Start reloading user/groups for service named default
26 Feb 12:18:52 CONFIG [geoserver.security] - Reloading user/groups successful for service named default
26 Feb 12:18:53 INFO   [config.XMLConfiguration] - Wrote configuration to /opt/geoserver/data_dir/gwc
26 Feb 12:21:18 WARN   [servlet.PageNotFound] - No mapping for GET /geoserver/A13/wms
26 Feb 12:21:18 WARN   [servlet.PageNotFound] - No mapping for GET /geoserver/A13/wms
26 Feb 12:21:18 WARN   [servlet.PageNotFound] - No mapping for GET /geoserver/A13/wms
26 Feb 12:21:18 WARN   [servlet.PageNotFound] - No mapping for GET /geoserver/A13/wms
26 Feb 12:21:18 WARN   [servlet.PageNotFound] - No mapping for GET /geoserver/A13/wms
26 Feb 12:21:18 WARN   [servlet.PageNotFound] - No mapping for GET /geoserver/A13/wms
26 Feb 12:21:18 WARN   [servlet.PageNotFound] - No mapping for GET /geoserver/A13/wms
26 Feb 12:21:18 WARN   [servlet.PageNotFound] - No mapping for GET /geoserver/A13/wms
26 Feb 12:21:18 WARN   [servlet.PageNotFound] - No mapping for GET /geoserver/A13/wms
26 Feb 12:21:18 WARN   [servlet.PageNotFound] - No mapping for GET /geoserver/A13/wms
26 Feb 12:21:18 WARN   [servlet.PageNotFound] - No mapping for GET /geoserver/A13/wms
26 Feb 12:21:18 WARN   [servlet.PageNotFound] - No mapping for GET /geoserver/A13/wms
26 Feb 12:21:18 WARN   [servlet.PageNotFound] - No mapping for GET /geoserver/A13/wms
26 Feb 12:21:18 WARN   [servlet.PageNotFound] - No mapping for GET /geoserver/A13/wms
26 Feb 12:21:18 WARN   [servlet.PageNotFound] - No mapping for GET /geoserver/A13/wms
26 Feb 12:21:18 WARN   [servlet.PageNotFound] - No mapping for GET /geoserver/A13/wms
26 Feb 12:21:18 WARN   [servlet.PageNotFound] - No mapping for GET /geoserver/A13/wms
26 Feb 12:21:18 WARN   [servlet.PageNotFound] - No mapping for GET /geoserver/A13/wms
26 Feb 12:21:18 WARN   [servlet.PageNotFound] - No mapping for GET /geoserver/A13/wms
26 Feb 12:21:18 WARN   [servlet.PageNotFound] - No mapping for GET /geoserver/A13/wms
26 Feb 12:21:18 WARN   [servlet.PageNotFound] - No mapping for GET /geoserver/A13/wms
26 Feb 12:21:18 WARN   [servlet.PageNotFound] - No mapping for GET /geoserver/A13/wms
26 Feb 12:21:18 WARN   [servlet.PageNotFound] - No mapping for GET /geoserver/A13/wms
26 Feb 12:21:18 WARN   [servlet.PageNotFound] - No mapping for GET /geoserver/A13/wms
26 Feb 12:21:18 WARN   [servlet.PageNotFound] - No mapping for GET /geoserver/A13/wms
26 Feb 12:21:18 WARN   [servlet.PageNotFound] - No mapping for GET /geoserver/A13/wms
26 Feb 12:21:18 WARN   [servlet.PageNotFound] - No mapping for GET /geoserver/A13/wms
26 Feb 12:21:18 WARN   [servlet.PageNotFound] - No mapping for GET /geoserver/A13/wms
26 Feb 12:21:18 WARN   [servlet.PageNotFound] - No mapping for GET /geoserver/A13/wms
26 Feb 12:21:18 WARN   [servlet.PageNotFound] - No mapping for GET /geoserver/A13/wms
26 Feb 12:21:18 WARN   [servlet.PageNotFound] - No mapping for GET /geoserver/A13/wms
26 Feb 12:21:18 WARN   [servlet.PageNotFound] - No mapping for GET /geoserver/A13/wms
26 Feb 12:21:18 WARN   [servlet.PageNotFound] - No mapping for GET /geoserver/A13/wms
26 Feb 12:21:18 WARN   [servlet.PageNotFound] - No mapping for GET /geoserver/A13/wms
26 Feb 12:21:18 WARN   [servlet.PageNotFound] - No mapping for GET /geoserver/A13/wms
26 Feb 12:21:19 WARN   [servlet.PageNotFound] - No mapping for GET /geoserver/A13/wms
26 Feb 12:21:19 WARN   [servlet.PageNotFound] - No mapping for GET /geoserver/A13/wms
26 Feb 12:21:19 WARN   [servlet.PageNotFound] - No mapping for GET /geoserver/A13/wms
26 Feb 12:21:19 WARN   [servlet.PageNotFound] - No mapping for GET /geoserver/A13/wms
26 Feb 12:21:19 WARN   [servlet.PageNotFound] - No mapping for GET /geoserver/A13/wms
26 Feb 12:21:19 WARN   [servlet.PageNotFound] - No mapping for GET /geoserver/A13/wms
26 Feb 12:21:19 WARN   [servlet.PageNotFound] - No mapping for GET /geoserver/A13/wms
26 Feb 12:21:19 WARN   [servlet.PageNotFound] - No mapping for GET /geoserver/A13/wms
26 Feb 12:21:19 WARN   [servlet.PageNotFound] - No mapping for GET /geoserver/A13/wms
26 Feb 12:21:19 WARN   [servlet.PageNotFound] - No mapping for GET /geoserver/A13/wms
26 Feb 12:21:19 WARN   [servlet.PageNotFound] - No mapping for GET /geoserver/A13/wms
26 Feb 12:21:19 WARN   [servlet.PageNotFound] - No mapping for GET /geoserver/A13/wms
26 Feb 12:21:19 WARN   [servlet.PageNotFound] - No mapping for GET /geoserver/A13/wms
26 Feb 12:21:19 WARN   [servlet.PageNotFound] - No mapping for GET /geoserver/A13/wms
26 Feb 12:21:19 WARN   [servlet.PageNotFound] - No mapping for GET /geoserver/A13/wms
26 Feb 12:21:19 WARN   [servlet.PageNotFound] - No mapping for GET /geoserver/A13/wms
26 Feb 12:21:19 WARN   [servlet.PageNotFound] - No mapping for GET /geoserver/A13/wms
26 Feb 12:21:19 WARN   [servlet.PageNotFound] - No mapping for GET /geoserver/A13/wms
26 Feb 12:21:19 WARN   [servlet.PageNotFound] - No mapping for GET /geoserver/A13/wms
26 Feb 12:21:19 WARN   [servlet.PageNotFound] - No mapping for GET /geoserver/A13/wms
26 Feb 12:21:19 WARN   [servlet.PageNotFound] - No mapping for GET /geoserver/A13/wms
26 Feb 12:21:19 WARN   [servlet.PageNotFound] - No mapping for GET /geoserver/A13/wms
26 Feb 12:21:19 WARN   [servlet.PageNotFound] - No mapping for GET /geoserver/A13/wms
26 Feb 12:21:19 WARN   [servlet.PageNotFound] - No mapping for GET /geoserver/A13/wms
26 Feb 12:21:19 WARN   [servlet.PageNotFound] - No mapping for GET /geoserver/A13/wms
26 Feb 12:21:19 WARN   [servlet.PageNotFound] - No mapping for GET /geoserver/A13/wms
26 Feb 12:21:19 WARN   [servlet.PageNotFound] - No mapping for GET /geoserver/A13/wms
26 Feb 12:21:19 WARN   [servlet.PageNotFound] - No mapping for GET /geoserver/A13/wms
26 Feb 12:21:19 WARN   [servlet.PageNotFound] - No mapping for GET /geoserver/A13/wms
26 Feb 12:21:19 WARN   [servlet.PageNotFound] - No mapping for GET /geoserver/A13/wms
26 Feb 12:21:19 WARN   [servlet.PageNotFound] - No mapping for GET /geoserver/A13/wms
26 Feb 12:21:19 WARN   [servlet.PageNotFound] - No mapping for GET /geoserver/A13/wms
26 Feb 12:21:19 WARN   [servlet.PageNotFound] - No mapping for GET /geoserver/A13/wms
26 Feb 12:21:19 WARN   [servlet.PageNotFound] - No mapping for GET /geoserver/A13/wms
26 Feb 12:21:19 WARN   [servlet.PageNotFound] - No mapping for GET /geoserver/A13/wms
26 Feb 12:21:20 WARN   [servlet.PageNotFound] - No mapping for GET /geoserver/A13/wms
26 Feb 12:21:20 WARN   [servlet.PageNotFound] - No mapping for GET /geoserver/A13/wms
26 Feb 12:21:20 WARN   [servlet.PageNotFound] - No mapping for GET /geoserver/A13/wms
26 Feb 12:21:20 WARN   [servlet.PageNotFound] - No mapping for GET /geoserver/A13/wms
26 Feb 12:21:20 WARN   [servlet.PageNotFound] - No mapping for GET /geoserver/A13/wms
26 Feb 12:21:20 WARN   [servlet.PageNotFound] - No mapping for GET /geoserver/A13/wms
26 Feb 12:21:20 WARN   [servlet.PageNotFound] - No mapping for GET /geoserver/A13/wms
26 Feb 12:21:20 WARN   [servlet.PageNotFound] - No mapping for GET /geoserver/A13/wms
26 Feb 12:21:20 WARN   [servlet.PageNotFound] - No mapping for GET /geoserver/A13/wms
26 Feb 12:21:20 WARN   [servlet.PageNotFound] - No mapping for GET /geoserver/A13/wms
26 Feb 12:21:20 WARN   [servlet.PageNotFound] - No mapping for GET /geoserver/A13/wms
26 Feb 12:21:20 WARN   [servlet.PageNotFound] - No mapping for GET /geoserver/A13/wms
26 Feb 12:21:20 WARN   [servlet.PageNotFound] - No mapping for GET /geoserver/A13/wms
26 Feb 12:21:20 WARN   [servlet.PageNotFound] - No mapping for GET /geoserver/A13/wms
26 Feb 12:21:20 WARN   [servlet.PageNotFound] - No mapping for GET /geoserver/A13/wms
26 Feb 12:21:20 WARN   [servlet.PageNotFound] - No mapping for GET /geoserver/A13/wms
26 Feb 12:21:20 WARN   [servlet.PageNotFound] - No mapping for GET /geoserver/A13/wms
26 Feb 12:21:20 WARN   [servlet.PageNotFound] - No mapping for GET /geoserver/A13/wms
26 Feb 12:21:20 WARN   [servlet.PageNotFound] - No mapping for GET /geoserver/A13/wms
26 Feb 12:21:20 WARN   [servlet.PageNotFound] - No mapping for GET /geoserver/A13/wms
26 Feb 12:21:20 WARN   [servlet.PageNotFound] - No mapping for GET /geoserver/A13/wms
26 Feb 12:21:20 WARN   [servlet.PageNotFound] - No mapping for GET /geoserver/A13/wms
26 Feb 12:21:20 WARN   [servlet.PageNotFound] - No mapping for GET /geoserver/A13/wms
26 Feb 12:21:20 WARN   [servlet.PageNotFound] - No mapping for GET /geoserver/A13/wms
26 Feb 12:21:20 WARN   [servlet.PageNotFound] - No mapping for GET /geoserver/A13/wms
26 Feb 12:21:20 WARN   [servlet.PageNotFound] - No mapping for GET /geoserver/A13/wms
26 Feb 12:21:20 WARN   [servlet.PageNotFound] - No mapping for GET /geoserver/A13/wms
26 Feb 12:21:20 WARN   [servlet.PageNotFound] - No mapping for GET /geoserver/A13/wms
26 Feb 12:21:20 WARN   [servlet.PageNotFound] - No mapping for GET /geoserver/A13/wms
26 Feb 12:21:20 WARN   [servlet.PageNotFound] - No mapping for GET /geoserver/A13/wms
26 Feb 12:21:20 WARN   [servlet.PageNotFound] - No mapping for GET /geoserver/A13/wms
26 Feb 12:21:20 WARN   [servlet.PageNotFound] - No mapping for GET /geoserver/A13/wms
26 Feb 12:21:20 WARN   [servlet.PageNotFound] - No mapping for GET /geoserver/A13/wms
26 Feb 12:21:20 WARN   [servlet.PageNotFound] - No mapping for GET /geoserver/A13/wms
26 Feb 12:21:20 WARN   [servlet.PageNotFound] - No mapping for GET /geoserver/A13/wms
26 Feb 12:21:20 WARN   [servlet.PageNotFound] - No mapping for GET /geoserver/A13/wms
26 Feb 12:21:20 WARN   [servlet.PageNotFound] - No mapping for GET /geoserver/A13/wms
26 Feb 12:21:20 WARN   [servlet.PageNotFound] - No mapping for GET /geoserver/A13/wms
26 Feb 12:21:20 WARN   [servlet.PageNotFound] - No mapping for GET /geoserver/A13/wms
26 Feb 12:21:20 WARN   [servlet.PageNotFound] - No mapping for GET /geoserver/A13/wms
26 Feb 12:21:20 WARN   [servlet.PageNotFound] - No mapping for GET /geoserver/A13/wms
26 Feb 12:21:20 WARN   [servlet.PageNotFound] - No mapping for GET /geoserver/A13/wms
26 Feb 12:21:20 WARN   [servlet.PageNotFound] - No mapping for GET /geoserver/A13/wms
26 Feb 12:21:20 WARN   [servlet.PageNotFound] - No mapping for GET /geoserver/A13/wms
26 Feb 12:21:20 WARN   [servlet.PageNotFound] - No mapping for GET /geoserver/A13/wms
26 Feb 12:21:20 WARN   [servlet.PageNotFound] - No mapping for GET /geoserver/A13/wms
26 Feb 12:21:20 WARN   [servlet.PageNotFound] - No mapping for GET /geoserver/A13/wms
26 Feb 12:21:20 WARN   [servlet.PageNotFound] - No mapping for GET /geoserver/A13/wms
26 Feb 12:21:20 WARN   [servlet.PageNotFound] - No mapping for GET /geoserver/A13/wms
26 Feb 12:21:20 WARN   [servlet.PageNotFound] - No mapping for GET /geoserver/A13/wms
26 Feb 12:21:20 WARN   [servlet.PageNotFound] - No mapping for GET /geoserver/A13/wms
26 Feb 12:21:20 WARN   [servlet.PageNotFound] - No mapping for GET /geoserver/A13/wms
26 Feb 12:21:20 WARN   [servlet.PageNotFound] - No mapping for GET /geoserver/A13/wms
26 Feb 12:21:20 WARN   [servlet.PageNotFound] - No mapping for GET /geoserver/A13/wms
26 Feb 12:21:20 WARN   [servlet.PageNotFound] - No mapping for GET /geoserver/A13/wms
26 Feb 12:21:20 WARN   [servlet.PageNotFound] - No mapping for GET /geoserver/A13/wms
26 Feb 12:21:20 WARN   [servlet.PageNotFound] - No mapping for GET /geoserver/A13/wms
26 Feb 12:21:20 WARN   [servlet.PageNotFound] - No mapping for GET /geoserver/A13/wms
26 Feb 12:21:20 WARN   [servlet.PageNotFound] - No mapping for GET /geoserver/A13/wms
26 Feb 12:21:20 WARN   [servlet.PageNotFound] - No mapping for GET /geoserver/A13/wms
26 Feb 12:21:20 WARN   [servlet.PageNotFound] - No mapping for GET /geoserver/A13/wms
26 Feb 12:21:20 WARN   [servlet.PageNotFound] - No mapping for GET /geoserver/A13/wms
26 Feb 12:21:20 WARN   [servlet.PageNotFound] - No mapping for GET /geoserver/A13/wms
26 Feb 12:21:20 WARN   [servlet.PageNotFound] - No mapping for GET /geoserver/A13/wms
26 Feb 12:21:20 WARN   [servlet.PageNotFound] - No mapping for GET /geoserver/A13/wms
26 Feb 12:21:20 WARN   [servlet.PageNotFound] - No mapping for GET /geoserver/A13/wms
26 Feb 12:21:20 WARN   [servlet.PageNotFound] - No mapping for GET /geoserver/A13/wms
26 Feb 12:21:20 WARN   [servlet.PageNotFound] - No mapping for GET /geoserver/A13/wms
26 Feb 12:21:20 WARN   [servlet.PageNotFound] - No mapping for GET /geoserver/A13/wms
26 Feb 12:21:20 WARN   [servlet.PageNotFound] - No mapping for GET /geoserver/A13/wms
26 Feb 12:21:20 WARN   [servlet.PageNotFound] - No mapping for GET /geoserver/A13/wms
26 Feb 12:21:20 WARN   [servlet.PageNotFound] - No mapping for GET /geoserver/A13/wms
26 Feb 12:21:20 WARN   [servlet.PageNotFound] - No mapping for GET /geoserver/A13/wms
26 Feb 12:21:20 WARN   [servlet.PageNotFound] - No mapping for GET /geoserver/A13/wms
26 Feb 12:21:20 WARN   [servlet.PageNotFound] - No mapping for GET /geoserver/A13/wms
26 Feb 12:21:20 WARN   [servlet.PageNotFound] - No mapping for GET /geoserver/A13/wms
26 Feb 12:21:20 WARN   [servlet.PageNotFound] - No mapping for GET /geoserver/A13/wms
26 Feb 12:21:21 WARN   [servlet.PageNotFound] - No mapping for GET /geoserver/A13/wms
26 Feb 12:21:21 WARN   [servlet.PageNotFound] - No mapping for GET /geoserver/A13/wms
26 Feb 12:21:21 WARN   [servlet.PageNotFound] - No mapping for GET /geoserver/A13/wms
26 Feb 12:21:21 WARN   [servlet.PageNotFound] - No mapping for GET /geoserver/A13/wms
26 Feb 12:21:21 WARN   [servlet.PageNotFound] - No mapping for GET /geoserver/A13/wms
26 Feb 12:21:21 WARN   [servlet.PageNotFound] - No mapping for GET /geoserver/A13/wms
26 Feb 12:21:22 WARN   [servlet.PageNotFound] - No mapping for GET /geoserver/A13/wms
26 Feb 12:21:22 WARN   [servlet.PageNotFound] - No mapping for GET /geoserver/A13/wms
26 Feb 12:21:22 WARN   [servlet.PageNotFound] - No mapping for GET /geoserver/A13/wms
26 Feb 12:21:22 WARN   [servlet.PageNotFound] - No mapping for GET /geoserver/A13/wms
26 Feb 12:21:22 WARN   [servlet.PageNotFound] - No mapping for GET /geoserver/A13/wms
26 Feb 12:21:22 WARN   [servlet.PageNotFound] - No mapping for GET /geoserver/A13/wms
26 Feb 12:21:22 WARN   [servlet.PageNotFound] - No mapping for GET /geoserver/A13/wms
26 Feb 12:21:22 WARN   [servlet.PageNotFound] - No mapping for GET /geoserver/A13/wms
26 Feb 12:21:22 WARN   [servlet.PageNotFound] - No mapping for GET /geoserver/A13/wms
26 Feb 12:21:22 WARN   [servlet.PageNotFound] - No mapping for GET /geoserver/A13/wms
26 Feb 12:21:22 WARN   [servlet.PageNotFound] - No mapping for GET /geoserver/A13/wms
26 Feb 12:21:22 WARN   [servlet.PageNotFound] - No mapping for GET /geoserver/A13/wms
26 Feb 12:21:22 WARN   [servlet.PageNotFound] - No mapping for GET /geoserver/A13/wms
26 Feb 12:21:22 WARN   [servlet.PageNotFound] - No mapping for GET /geoserver/A13/wms
26 Feb 12:21:24 WARN   [servlet.PageNotFound] - No mapping for GET /geoserver/A13/wms
26 Feb 12:21:24 WARN   [servlet.PageNotFound] - No mapping for GET /geoserver/A13/wms
26 Feb 12:21:24 WARN   [servlet.PageNotFound] - No mapping for GET /geoserver/A13/wms
26 Feb 12:21:24 WARN   [servlet.PageNotFound] - No mapping for GET /geoserver/A13/wms
26 Feb 12:21:24 WARN   [servlet.PageNotFound] - No mapping for GET /geoserver/A13/wms
26 Feb 12:21:24 WARN   [servlet.PageNotFound] - No mapping for GET /geoserver/A13/wms
26 Feb 12:21:24 WARN   [servlet.PageNotFound] - No mapping for GET /geoserver/A13/wms
26 Feb 12:21:24 WARN   [servlet.PageNotFound] - No mapping for GET /geoserver/A13/wms
26 Feb 12:21:24 WARN   [servlet.PageNotFound] - No mapping for GET /geoserver/A13/wms
26 Feb 12:21:24 WARN   [servlet.PageNotFound] - No mapping for GET /geoserver/A13/wms
26 Feb 12:21:24 WARN   [servlet.PageNotFound] - No mapping for GET /geoserver/A13/wms
26 Feb 12:21:24 WARN   [servlet.PageNotFound] - No mapping for GET /geoserver/A13/wms
26 Feb 12:21:24 WARN   [servlet.PageNotFound] - No mapping for GET /geoserver/A13/wms
26 Feb 12:21:24 WARN   [servlet.PageNotFound] - No mapping for GET /geoserver/A13/wms
26 Feb 12:21:24 WARN   [servlet.PageNotFound] - No mapping for GET /geoserver/A13/wms
26 Feb 12:21:24 WARN   [servlet.PageNotFound] - No mapping for GET /geoserver/A13/wms
26 Feb 12:21:24 WARN   [servlet.PageNotFound] - No mapping for GET /geoserver/A13/wms
26 Feb 12:21:24 WARN   [servlet.PageNotFound] - No mapping for GET /geoserver/A13/wms
26 Feb 12:21:24 WARN   [servlet.PageNotFound] - No mapping for GET /geoserver/A13/wms
26 Feb 12:21:24 WARN   [servlet.PageNotFound] - No mapping for GET /geoserver/A13/wms
26 Feb 12:21:24 WARN   [servlet.PageNotFound] - No mapping for GET /geoserver/A13/wms
26 Feb 12:21:24 WARN   [servlet.PageNotFound] - No mapping for GET /geoserver/A13/wms
26 Feb 12:21:24 WARN   [servlet.PageNotFound] - No mapping for GET /geoserver/A13/wms
26 Feb 12:21:24 WARN   [servlet.PageNotFound] - No mapping for GET /geoserver/A13/wms
26 Feb 12:21:24 WARN   [servlet.PageNotFound] - No mapping for GET /geoserver/A13/wms
26 Feb 12:21:24 WARN   [servlet.PageNotFound] - No mapping for GET /geoserver/A13/wms
26 Feb 12:21:24 WARN   [servlet.PageNotFound] - No mapping for GET /geoserver/A13/wms
26 Feb 12:21:24 WARN   [servlet.PageNotFound] - No mapping for GET /geoserver/A13/wms
26 Feb 12:21:24 WARN   [servlet.PageNotFound] - No mapping for GET /geoserver/A13/wms
26 Feb 12:21:24 WARN   [servlet.PageNotFound] - No mapping for GET /geoserver/A13/wms
26 Feb 12:21:24 WARN   [servlet.PageNotFound] - No mapping for GET /geoserver/A13/wms
26 Feb 12:21:25 WARN   [servlet.PageNotFound] - No mapping for GET /geoserver/A13/wms
26 Feb 12:21:25 WARN   [servlet.PageNotFound] - No mapping for GET /geoserver/A13/wms
26 Feb 12:21:25 WARN   [servlet.PageNotFound] - No mapping for GET /geoserver/A13/wms
26 Feb 12:21:25 WARN   [servlet.PageNotFound] - No mapping for GET /geoserver/A13/wms
26 Feb 12:21:25 WARN   [servlet.PageNotFound] - No mapping for GET /geoserver/A13/wms
26 Feb 12:21:25 WARN   [servlet.PageNotFound] - No mapping for GET /geoserver/A13/wms
26 Feb 12:21:25 WARN   [servlet.PageNotFound] - No mapping for GET /geoserver/A13/wms
26 Feb 12:21:25 WARN   [servlet.PageNotFound] - No mapping for GET /geoserver/A13/wms
26 Feb 12:21:25 WARN   [servlet.PageNotFound] - No mapping for GET /geoserver/A13/wms
26 Feb 12:21:25 WARN   [servlet.PageNotFound] - No mapping for GET /geoserver/A13/wms
26 Feb 12:21:25 WARN   [servlet.PageNotFound] - No mapping for GET /geoserver/A13/wms
26 Feb 12:21:25 WARN   [servlet.PageNotFound] - No mapping for GET /geoserver/A13/wms
26 Feb 12:21:25 WARN   [servlet.PageNotFound] - No mapping for GET /geoserver/A13/wms
26 Feb 12:21:25 WARN   [servlet.PageNotFound] - No mapping for GET /geoserver/A13/wms
26 Feb 12:21:25 WARN   [servlet.PageNotFound] - No mapping for GET /geoserver/A13/wms
26 Feb 12:21:25 WARN   [servlet.PageNotFound] - No mapping for GET /geoserver/A13/wms
26 Feb 12:21:25 WARN   [servlet.PageNotFound] - No mapping for GET /geoserver/A13/wms
26 Feb 12:21:25 WARN   [servlet.PageNotFound] - No mapping for GET /geoserver/A13/wms
26 Feb 12:21:26 WARN   [servlet.PageNotFound] - No mapping for GET /geoserver/A13/wms
26 Feb 12:21:26 WARN   [servlet.PageNotFound] - No mapping for GET /geoserver/A13/wms
26 Feb 12:21:26 WARN   [servlet.PageNotFound] - No mapping for GET /geoserver/A13/wms
26 Feb 12:21:26 WARN   [servlet.PageNotFound] - No mapping for GET /geoserver/A13/wms
26 Feb 12:21:26 WARN   [servlet.PageNotFound] - No mapping for GET /geoserver/A13/wms
26 Feb 12:21:26 WARN   [servlet.PageNotFound] - No mapping for GET /geoserver/A13/wms
26 Feb 12:21:26 WARN   [servlet.PageNotFound] - No mapping for GET /geoserver/A13/wms
26 Feb 12:21:26 WARN   [servlet.PageNotFound] - No mapping for GET /geoserver/A13/wms
26 Feb 12:21:26 WARN   [servlet.PageNotFound] - No mapping for GET /geoserver/A13/wms
26 Feb 12:21:26 WARN   [servlet.PageNotFound] - No mapping for GET /geoserver/A13/wms
26 Feb 12:21:26 WARN   [servlet.PageNotFound] - No mapping for GET /geoserver/A13/wms
26 Feb 12:21:26 WARN   [servlet.PageNotFound] - No mapping for GET /geoserver/A13/wms
26 Feb 12:21:26 WARN   [servlet.PageNotFound] - No mapping for GET /geoserver/A13/wms
26 Feb 12:21:26 WARN   [servlet.PageNotFound] - No mapping for GET /geoserver/A13/wms
26 Feb 12:21:26 WARN   [servlet.PageNotFound] - No mapping for GET /geoserver/A13/wms
26 Feb 12:21:26 WARN   [servlet.PageNotFound] - No mapping for GET /geoserver/A13/wms
26 Feb 12:21:26 WARN   [servlet.PageNotFound] - No mapping for GET /geoserver/A13/wms
26 Feb 12:21:26 WARN   [servlet.PageNotFound] - No mapping for GET /geoserver/A13/wms
26 Feb 12:21:26 WARN   [servlet.PageNotFound] - No mapping for GET /geoserver/A13/wms
26 Feb 12:21:26 WARN   [servlet.PageNotFound] - No mapping for GET /geoserver/A13/wms
26 Feb 12:21:26 WARN   [servlet.PageNotFound] - No mapping for GET /geoserver/A13/wms
26 Feb 12:21:26 WARN   [servlet.PageNotFound] - No mapping for GET /geoserver/A13/wms
26 Feb 12:21:26 WARN   [servlet.PageNotFound] - No mapping for GET /geoserver/A13/wms
26 Feb 12:21:26 WARN   [servlet.PageNotFound] - No mapping for GET /geoserver/A13/wms
26 Feb 12:21:26 WARN   [servlet.PageNotFound] - No mapping for GET /geoserver/A13/wms
26 Feb 12:21:26 WARN   [servlet.PageNotFound] - No mapping for GET /geoserver/A13/wms
26 Feb 12:21:26 WARN   [servlet.PageNotFound] - No mapping for GET /geoserver/A13/wms
26 Feb 12:21:26 WARN   [servlet.PageNotFound] - No mapping for GET /geoserver/A13/wms
26 Feb 12:21:26 WARN   [servlet.PageNotFound] - No mapping for GET /geoserver/A13/wms
26 Feb 12:21:26 WARN   [servlet.PageNotFound] - No mapping for GET /geoserver/A13/wms
26 Feb 12:21:26 WARN   [servlet.PageNotFound] - No mapping for GET /geoserver/A13/wms
26 Feb 12:21:26 WARN   [servlet.PageNotFound] - No mapping for GET /geoserver/A13/wms
26 Feb 12:21:26 WARN   [servlet.PageNotFound] - No mapping for GET /geoserver/A13/wms
26 Feb 12:21:26 WARN   [servlet.PageNotFound] - No mapping for GET /geoserver/A13/wms
26 Feb 12:21:26 WARN   [servlet.PageNotFound] - No mapping for GET /geoserver/A13/wms
26 Feb 12:21:26 WARN   [servlet.PageNotFound] - No mapping for GET /geoserver/A13/wms
26 Feb 12:21:26 WARN   [servlet.PageNotFound] - No mapping for GET /geoserver/A13/wms
26 Feb 12:21:26 WARN   [servlet.PageNotFound] - No mapping for GET /geoserver/A13/wms
26 Feb 12:21:26 WARN   [servlet.PageNotFound] - No mapping for GET /geoserver/A13/wms
26 Feb 12:21:26 WARN   [servlet.PageNotFound] - No mapping for GET /geoserver/A13/wms
26 Feb 12:21:26 WARN   [servlet.PageNotFound] - No mapping for GET /geoserver/A13/wms
26 Feb 12:21:26 WARN   [servlet.PageNotFound] - No mapping for GET /geoserver/A13/wms
26 Feb 12:21:26 WARN   [servlet.PageNotFound] - No mapping for GET /geoserver/A13/wms
26 Feb 12:21:26 WARN   [servlet.PageNotFound] - No mapping for GET /geoserver/A13/wms
26 Feb 12:21:26 WARN   [servlet.PageNotFound] - No mapping for GET /geoserver/A13/wms
26 Feb 12:21:26 WARN   [servlet.PageNotFound] - No mapping for GET /geoserver/A13/wms
26 Feb 12:21:26 WARN   [servlet.PageNotFound] - No mapping for GET /geoserver/A13/wms
26 Feb 12:21:26 WARN   [servlet.PageNotFound] - No mapping for GET /geoserver/A13/wms
26 Feb 12:21:26 WARN   [servlet.PageNotFound] - No mapping for GET /geoserver/A13/wms
26 Feb 12:21:26 WARN   [servlet.PageNotFound] - No mapping for GET /geoserver/A13/wms
26 Feb 12:21:26 WARN   [servlet.PageNotFound] - No mapping for GET /geoserver/A13/wms
26 Feb 12:21:26 WARN   [servlet.PageNotFound] - No mapping for GET /geoserver/A13/wms
26 Feb 12:21:26 WARN   [servlet.PageNotFound] - No mapping for GET /geoserver/A13/wms
26 Feb 12:21:26 WARN   [servlet.PageNotFound] - No mapping for GET /geoserver/A13/wms
26 Feb 12:21:26 WARN   [servlet.PageNotFound] - No mapping for GET /geoserver/A13/wms
26 Feb 12:21:26 WARN   [servlet.PageNotFound] - No mapping for GET /geoserver/A13/wms
26 Feb 12:21:26 WARN   [servlet.PageNotFound] - No mapping for GET /geoserver/A13/wms
26 Feb 12:21:26 WARN   [servlet.PageNotFound] - No mapping for GET /geoserver/A13/wms
26 Feb 12:21:26 WARN   [servlet.PageNotFound] - No mapping for GET /geoserver/A13/wms
26 Feb 12:22:44 WARN   [geoserver.security] - Failed login, user  from 172.19.0.1
26 Feb 12:22:44 INFO   [geoserver.security] - Brute force attack prevention, delaying login for 3542ms
26 Feb 12:25:30 WARN   [geoserver.security] - Failed login, user admin from 172.19.0.1
26 Feb 12:25:30 INFO   [geoserver.security] - Brute force attack prevention, delaying login for 2067ms
26 Feb 12:26:50 CONFIG [gwc.layer] - GeoServer TileLayer store base directory is: gwc-layers
26 Feb 12:26:50 CONFIG [gwc.layer] - Loading tile layers from gwc-layers
26 Feb 12:26:50 CONFIG [gwc.layer] - Loaded 0 tile layers in 1.119 ms
26 Feb 12:26:50 CONFIG [gwc.layer] - GeoServer TileLayer store base directory is: gwc-layers
26 Feb 12:26:50 CONFIG [gwc.layer] - Loading tile layers from gwc-layers
26 Feb 12:26:50 CONFIG [gwc.layer] - Loaded 0 tile layers in 1.011 ms
26 Feb 12:26:50 INFO   [jdbc.JDBCQuotaStore] - Closing up the JDBC quota store 
26 Feb 12:26:50 WARN   [support.DisposableBeanAdapter] - Custom destroy method 'destroy' on bean with name 'gwcMemoryBlobStore' threw an exception: java.util.concurrent.RejectedExecutionException: Task java.util.concurrent.FutureTask@44da5630[Not completed, task = org.geowebcache.storage.blobstore.memory.MemoryBlobStore$BlobStoreTask@28bdbfeb] rejected from java.util.concurrent.ThreadPoolExecutor@766541a7[Terminated, pool size = 0, active threads = 0, queued tasks = 0, completed tasks = 1]
26 Feb 12:26:50 INFO   [geoserver.logging] - Beginning GeoServer cleanup sequence
CONFIG 2025-02-26 12:28:14,220 [main][Log4J2Logger.java:215] : Logging policy: Log4J2
CONFIG 2025-02-26 12:28:14,383 [main][Log4J2Logger.java:189] : Factory implementations for category GridCoverageFactory:
  org.geotools.coverage.grid.GridCoverageFactory
CONFIG 2025-02-26 12:28:14,608 [main][Log4J2Logger.java:189] : Factory implementations for category FilterFactory:
  org.geotools.filter.FilterFactoryImpl
CONFIG 2025-02-26 12:28:14,629 [main][Log4J2Logger.java:189] : Factory implementations for category StyleFactory:
  org.geotools.styling.StyleFactoryImpl
CONFIG 2025-02-26 12:28:14,635 [main][Log4J2Logger.java:189] : Factory implementations for category FeatureFactory:
  org.geotools.feature.LenientFeatureFactoryImpl
  org.geotools.feature.ValidatingFeatureFactoryImpl
DEBUG 2025-02-26 12:28:14,968 [main][Log4J2Logger.java:220] : Extension lookup 'XStreamPersisterInitializer', prior to bean geoserverExtensions initialisation.
DEBUG 2025-02-26 12:28:14,969 [main][Log4J2Logger.java:220] : Extension lookup 'ExtensionFilter', prior to bean geoserverExtensions initialisation.
DEBUG 2025-02-26 12:28:14,971 [main][Log4J2Logger.java:220] : Extension lookup 'ExtensionProvider', but provided ApplicationContext is unset.
DEBUG 2025-02-26 12:28:14,972 [main][Log4J2Logger.java:220] : Extension lookup 'ExtensionFilter', but provided ApplicationContext is unset.
DEBUG 2025-02-26 12:28:14,998 [main][Log4J2Logger.java:220] : CONFIGURING GEOSERVER LOGGING -------------------------
26 Feb 12:28:15 CONFIG [geoserver.logging] - Log4j 2 configuration set to DEFAULT_LOGGING.xml
